<?xml version="1.0" encoding="UTF-8"?>
<!-- Generated by org.testng.reporters.JUnitReportReporter -->
<testsuite hostname="DESKTOP-73BONV9" failures="0" tests="1" name="graphQlAutomations.MutationGraphql" time="2.286" errors="0" timestamp="2025-04-12T11:08:13 IST" skipped="0">
  <testcase classname="graphQlAutomations.MutationGraphql" name="login" time="2.286"/>
</testsuite> <!-- graphQlAutomations.MutationGraphql -->
