<?xml version="1.0" encoding="UTF-8"?>
<!-- Generated by org.testng.reporters.JUnitReportReporter -->
<testsuite hostname="DESKTOP-73BONV9" failures="0" tests="1" name="reqResponseSpecifactionBuilder.MainApi" time="3.301" errors="0" timestamp="2025-04-11T11:58:30 IST" skipped="0">
  <testcase classname="reqResponseSpecifactionBuilder.MainApi" name="serverRequestAuto" time="3.301"/>
</testsuite> <!-- reqResponseSpecifactionBuilder.MainApi -->
