<?xml version="1.0" encoding="UTF-8"?>
<!-- Generated by org.testng.reporters.JUnitReportReporter -->
<testsuite hostname="DESKTOP-73BONV9" failures="0" tests="6" name="dynamicJson.DynamicJson1" time="3.423" errors="0" timestamp="2025-04-10T13:26:45 IST" skipped="3">
  <testcase classname="dynamicJson.DynamicJson1" name="addBook" time="0.413"/>
  <testcase classname="dynamicJson.DynamicJson1" name="addBook" time="2.646"/>
  <testcase classname="dynamicJson.DynamicJson1" name="addBook" time="0.364"/>
  <testcase classname="dynamicJson.DynamicJson1" name="delete_book">
    <skipped/>
  </testcase> <!-- delete_book -->
  <testcase classname="dynamicJson.DynamicJson1" name="get_book_by_author_name">
    <skipped/>
  </testcase> <!-- get_book_by_author_name -->
  <testcase classname="dynamicJson.DynamicJson1" name="get_book_by_id">
    <skipped/>
  </testcase> <!-- get_book_by_id -->
</testsuite> <!-- dynamicJson.DynamicJson1 -->
