<?xml version="1.0" encoding="UTF-8"?>
<!-- Generated by org.testng.reporters.JUnitReportReporter -->
<testsuite hostname="DESKTOP-73BONV9" failures="0" tests="1" name="pojoJsonPass.PojoWithApi" time="3.031" errors="0" timestamp="2025-04-11T01:28:45 IST" skipped="0">
  <testcase classname="pojoJsonPass.PojoWithApi" name="serverRequestAuto" time="3.031"/>
</testsuite> <!-- pojoJsonPass.PojoWithApi -->
