<?xml version="1.0" encoding="UTF-8"?>
<!-- Generated by org.testng.reporters.JUnitReportReporter -->
<testsuite hostname="DESKTOP-73BONV9" failures="0" tests="1" name="ecommerce.EcommerceApiTest" time="5.781" errors="0" timestamp="2025-04-11T18:21:13 IST" skipped="0">
  <testcase classname="ecommerce.EcommerceApiTest" name="login" time="5.781"/>
</testsuite> <!-- ecommerce.EcommerceApiTest -->
