<?xml version="1.0" encoding="UTF-8"?>
<!-- Generated by org.testng.reporters.JUnitReportReporter -->
<testsuite hostname="DESKTOP-73BONV9" failures="0" tests="1" name="OathAutoamtion.ServerRequestAutomation" time="3.047" errors="0" timestamp="2025-04-11T01:17:01 IST" skipped="0">
  <testcase classname="OathAutoamtion.ServerRequestAutomation" name="serverRequestAuto" time="3.047"/>
</testsuite> <!-- OathAutoamtion.ServerRequestAutomation -->
