<?xml version="1.0" encoding="UTF-8"?>
<!-- Generated by org.testng.reporters.JUnitReportReporter -->
<testsuite hostname="DESKTOP-73BONV9" failures="0" tests="1" name="excelToApiTesting.ExcelWithApi" time="2.977" errors="0" timestamp="2025-04-13T16:28:16 IST" skipped="0">
  <testcase classname="excelToApiTesting.ExcelWithApi" name="addBook" time="2.977"/>
</testsuite> <!-- excelToApiTesting.ExcelWithApi -->
