<?xml version="1.0" encoding="UTF-8"?>
<!-- Generated by org.testng.reporters.JUnitReportReporter -->
<testsuite hostname="DESKTOP-73BONV9" failures="0" tests="1" name="graphQlAutomations.GraphQl" time="2.158" errors="0" timestamp="2025-04-12T10:41:44 IST" skipped="0">
  <testcase classname="graphQlAutomations.GraphQl" name="login" time="2.158"/>
</testsuite> <!-- graphQlAutomations.GraphQl -->
