<?xml version="1.0" encoding="UTF-8"?>
<!-- Generated by org.testng.reporters.JUnitReportReporter -->
<testsuite hostname="DESKTOP-73BONV9" failures="0" tests="1" name="serilizationInputBody.Main" time="2.060" errors="0" timestamp="2025-04-11T09:59:24 IST" skipped="0">
  <testcase classname="serilizationInputBody.Main" name="serverRequestAuto" time="2.060"/>
</testsuite> <!-- serilizationInputBody.Main -->
